TN:
SF:/Users/viko/poubelle/testRedP/src/client/actions/index.js
FN:6,gameStart
FN:13,gameStop
FN:20,gamePlayers
FN:28,gameSpectreView
FN:35,gameSpectreApply
FN:36,(anonymous_6)
FN:54,upAllPieces
FN:55,applyMalus
FN:66,(anonymous_9)
FN:81,initPiece
FN:88,initTetris
FN:89,(anonymous_12)
FN:107,rotate
FN:110,(anonymous_14)
FN:111,(anonymous_15)
FN:124,putInMap
FN:125,(anonymous_17)
FN:152,catchUpdateTetris
FN:153,(anonymous_19)
FN:168,updateTetris
FN:176,updateFixedTetris
FNF:21
FNH:0
FNDA:0,gameStart
FNDA:0,gameStop
FNDA:0,gamePlayers
FNDA:0,gameSpectreView
FNDA:0,gameSpectreApply
FNDA:0,(anonymous_6)
FNDA:0,upAllPieces
FNDA:0,applyMalus
FNDA:0,(anonymous_9)
FNDA:0,initPiece
FNDA:0,initTetris
FNDA:0,(anonymous_12)
FNDA:0,rotate
FNDA:0,(anonymous_14)
FNDA:0,(anonymous_15)
FNDA:0,putInMap
FNDA:0,(anonymous_17)
FNDA:0,catchUpdateTetris
FNDA:0,(anonymous_19)
FNDA:0,updateTetris
FNDA:0,updateFixedTetris
DA:6,2
DA:13,2
DA:20,2
DA:28,2
DA:35,2
DA:40,0
DA:41,0
DA:44,0
DA:54,2
DA:56,0
DA:57,0
DA:60,0
DA:81,2
DA:88,2
DA:93,0
DA:95,0
DA:112,0
DA:119,0
DA:124,2
DA:131,0
DA:134,0
DA:135,0
DA:136,0
DA:137,0
DA:141,0
DA:146,0
DA:152,2
DA:157,0
DA:158,0
DA:159,0
DA:168,2
DA:176,2
LF:32
LH:12
BRDA:41,1,0,0
BRDA:41,1,1,0
BRDA:44,2,0,0
BRDA:44,2,1,0
BRDA:44,3,0,0
BRDA:44,3,1,0
BRDA:60,4,0,0
BRDA:60,4,1,0
BRDA:112,5,0,0
BRDA:112,5,1,0
BRDA:119,6,0,0
BRDA:119,6,1,0
BRDA:131,7,0,0
BRDA:131,7,1,0
BRDA:136,8,0,0
BRDA:136,8,1,0
BRDA:137,9,0,0
BRDA:137,9,1,0
BRDA:137,10,0,0
BRDA:137,10,1,0
BRDA:137,10,2,0
BRDA:141,11,0,0
BRDA:141,11,1,0
BRDA:146,12,0,0
BRDA:146,12,1,0
BRDA:159,13,0,0
BRDA:159,13,1,0
BRDA:159,14,0,0
BRDA:159,14,1,0
BRF:29
BRH:0
end_of_record
TN:
SF:/Users/viko/poubelle/testRedP/src/client/App.js
FN:32,App
FN:36,(anonymous_4)
FN:50,thisPartyInformation
FN:54,requestPiece
FN:59,sendSpectre
FN:64,(anonymous_8)
FN:70,startNewGame
FN:79,readyToPlay
FN:87,deleteLine
FN:98,verifyTetris
FN:119,setAsFixed
FN:148,isLegal
FN:164,rotate
FN:167,(anonymous_16)
FN:168,(anonymous_17)
FN:181,turnPiece
FN:215,createPiece
FN:222,goFunction
FN:231,gameInfos
FN:237,(anonymous_22)
FN:251,startGame
FN:256,(anonymous_24)
FN:261,(anonymous_25)
FN:266,(anonymous_26)
FN:271,(anonymous_27)
FN:275,(anonymous_28)
FN:283,(anonymous_29)
FN:291,initParty
FN:316,stopParty
FN:321,handleLogin
FN:322,handleRoom
FN:324,parseUrlAndStore
FN:335,(anonymous_35)
FN:385,(anonymous_36)
FN:410,(anonymous_37)
FN:444,(anonymous_38)
FN:460,mapStateToProps
FNF:37
FNH:0
FNDA:0,App
FNDA:0,(anonymous_4)
FNDA:0,thisPartyInformation
FNDA:0,requestPiece
FNDA:0,sendSpectre
FNDA:0,(anonymous_8)
FNDA:0,startNewGame
FNDA:0,readyToPlay
FNDA:0,deleteLine
FNDA:0,verifyTetris
FNDA:0,setAsFixed
FNDA:0,isLegal
FNDA:0,rotate
FNDA:0,(anonymous_16)
FNDA:0,(anonymous_17)
FNDA:0,turnPiece
FNDA:0,createPiece
FNDA:0,goFunction
FNDA:0,gameInfos
FNDA:0,(anonymous_22)
FNDA:0,startGame
FNDA:0,(anonymous_24)
FNDA:0,(anonymous_25)
FNDA:0,(anonymous_26)
FNDA:0,(anonymous_27)
FNDA:0,(anonymous_28)
FNDA:0,(anonymous_29)
FNDA:0,initParty
FNDA:0,stopParty
FNDA:0,handleLogin
FNDA:0,handleRoom
FNDA:0,parseUrlAndStore
FNDA:0,(anonymous_35)
FNDA:0,(anonymous_36)
FNDA:0,(anonymous_37)
FNDA:0,(anonymous_38)
FNDA:0,mapStateToProps
DA:39,0
DA:41,0
DA:43,0
DA:45,0
DA:63,0
DA:88,0
DA:89,0
DA:90,0
DA:101,0
DA:102,0
DA:103,0
DA:104,0
DA:107,0
DA:112,0
DA:123,0
DA:127,0
DA:132,0
DA:153,0
DA:154,0
DA:155,0
DA:156,0
DA:169,0
DA:176,0
DA:185,0
DA:188,0
DA:191,0
DA:193,0
DA:195,0
DA:197,0
DA:199,0
DA:205,0
DA:206,0
DA:207,0
DA:208,0
DA:216,0
DA:223,0
DA:232,0
DA:241,0
DA:242,0
DA:244,0
DA:277,0
DA:306,0
DA:308,0
DA:338,0
DA:339,0
DA:341,0
DA:347,0
DA:351,0
DA:352,0
DA:358,0
DA:460,1
LF:51
LH:1
BRDA:37,1,0,0
BRDA:37,1,1,0
BRDA:39,2,0,0
BRDA:39,2,1,0
BRDA:41,3,0,0
BRDA:41,3,1,0
BRDA:43,4,0,0
BRDA:43,4,1,0
BRDA:45,5,0,0
BRDA:45,5,1,0
BRDA:63,6,0,0
BRDA:63,6,1,0
BRDA:63,7,0,0
BRDA:63,7,1,0
BRDA:63,7,2,0
BRDA:89,8,0,0
BRDA:89,8,1,0
BRDA:89,9,0,0
BRDA:89,9,1,0
BRDA:102,10,0,0
BRDA:102,10,1,0
BRDA:104,11,0,0
BRDA:104,11,1,0
BRDA:104,12,0,0
BRDA:104,12,1,0
BRDA:107,13,0,0
BRDA:107,13,1,0
BRDA:112,14,0,0
BRDA:112,14,1,0
BRDA:123,15,0,0
BRDA:123,15,1,0
BRDA:132,16,0,0
BRDA:132,16,1,0
BRDA:155,17,0,0
BRDA:155,17,1,0
BRDA:156,18,0,0
BRDA:156,18,1,0
BRDA:156,19,0,0
BRDA:156,19,1,0
BRDA:156,19,2,0
BRDA:156,19,3,0
BRDA:156,19,4,0
BRDA:169,20,0,0
BRDA:169,20,1,0
BRDA:176,21,0,0
BRDA:176,21,1,0
BRDA:185,22,0,0
BRDA:185,22,1,0
BRDA:185,23,0,0
BRDA:185,23,1,0
BRDA:185,23,2,0
BRDA:188,24,0,0
BRDA:188,24,1,0
BRDA:191,25,0,0
BRDA:191,25,1,0
BRDA:191,26,0,0
BRDA:191,26,1,0
BRDA:193,27,0,0
BRDA:193,27,1,0
BRDA:193,28,0,0
BRDA:193,28,1,0
BRDA:195,29,0,0
BRDA:195,29,1,0
BRDA:195,30,0,0
BRDA:195,30,1,0
BRDA:197,31,0,0
BRDA:197,31,1,0
BRDA:197,32,0,0
BRDA:197,32,1,0
BRDA:199,33,0,0
BRDA:199,33,1,0
BRDA:199,34,0,0
BRDA:199,34,1,0
BRDA:205,35,0,0
BRDA:205,35,1,0
BRDA:206,36,0,0
BRDA:206,36,1,0
BRDA:208,37,0,0
BRDA:208,37,1,0
BRDA:208,38,0,0
BRDA:208,38,1,0
BRDA:216,39,0,0
BRDA:216,39,1,0
BRDA:223,40,0,0
BRDA:223,40,1,0
BRDA:223,41,0,0
BRDA:223,41,1,0
BRDA:232,42,0,0
BRDA:232,42,1,0
BRDA:242,43,0,0
BRDA:242,43,1,0
BRDA:244,44,0,0
BRDA:244,44,1,0
BRDA:244,45,0,0
BRDA:244,45,1,0
BRDA:244,45,2,0
BRDA:244,45,3,0
BRDA:277,46,0,0
BRDA:277,46,1,0
BRDA:339,47,0,0
BRDA:339,47,1,0
BRDA:341,48,0,0
BRDA:341,48,1,0
BRDA:341,49,0,0
BRDA:341,49,1,0
BRDA:341,49,2,0
BRDA:341,49,3,0
BRDA:347,50,0,0
BRDA:347,50,1,0
BRDA:347,51,0,0
BRDA:347,51,1,0
BRDA:351,52,0,0
BRDA:351,52,1,0
BRDA:351,53,0,0
BRDA:351,53,1,0
BRDA:351,53,2,0
BRDA:351,53,3,0
BRDA:351,53,4,0
BRDA:351,53,5,0
BRDA:352,54,0,0
BRDA:352,54,1,0
BRDA:358,55,0,0
BRDA:358,55,1,0
BRDA:375,56,0,0
BRDA:375,56,1,0
BRDA:381,57,0,0
BRDA:384,58,0,0
BRDA:384,58,1,0
BRDA:385,59,0,0
BRDA:410,60,0,0
BRDA:413,61,0,0
BRDA:413,61,1,0
BRDA:413,62,0,0
BRDA:413,62,1,0
BRDA:414,63,0,0
BRDA:414,63,1,0
BRDA:414,64,0,0
BRDA:414,64,1,0
BRDA:415,65,0,0
BRDA:415,65,1,0
BRDA:415,66,0,0
BRDA:415,66,1,0
BRDA:415,66,2,0
BRDA:416,67,0,0
BRDA:416,67,1,0
BRDA:417,68,0,0
BRDA:417,68,1,0
BRDA:424,69,0,0
BRDA:424,69,1,0
BRDA:424,69,2,0
BRDA:424,69,3,0
BRDA:428,70,0,0
BRDA:428,70,1,0
BRDA:428,70,2,0
BRDA:432,71,0,0
BRDA:440,72,0,0
BRDA:440,72,1,0
BRDA:440,72,2,0
BRDA:440,72,3,0
BRDA:441,73,0,0
BRDA:441,73,1,0
BRDA:441,73,2,0
BRDA:443,74,0,0
BRDA:444,75,0,0
BRDA:444,75,1,0
BRF:165
BRH:0
end_of_record
TN:
SF:/Users/viko/poubelle/testRedP/src/client/components/Col.js
FN:3,Col
FN:8,(anonymous_3)
FNF:2
FNH:0
FNDA:0,Col
FNDA:0,(anonymous_3)
DA:9,0
DA:10,0
LF:2
LH:0
BRDA:8,1,0,0
BRDA:9,2,0,0
BRDA:9,2,1,0
BRF:3
BRH:0
end_of_record
TN:
SF:/Users/viko/poubelle/testRedP/src/client/components/header.js
FN:3,Header
FNF:1
FNH:0
FNDA:0,Header
LF:0
LH:0
BRF:0
BRH:0
end_of_record
TN:
SF:/Users/viko/poubelle/testRedP/src/client/components/NextPiece.js
FN:3,NextPiece
FN:8,(anonymous_3)
FNF:2
FNH:0
FNDA:0,NextPiece
FNDA:0,(anonymous_3)
LF:0
LH:0
BRDA:8,1,0,0
BRDA:11,2,0,0
BRDA:11,2,1,0
BRDA:12,3,0,0
BRDA:12,3,1,0
BRDA:13,4,0,0
BRDA:13,4,1,0
BRDA:14,5,0,0
BRDA:14,5,1,0
BRF:9
BRH:0
end_of_record
TN:
SF:/Users/viko/poubelle/testRedP/src/client/index.js
FNF:0
FNH:0
LF:0
LH:0
BRF:0
BRH:0
end_of_record
TN:
SF:/Users/viko/poubelle/testRedP/src/client/reducers/index.js
FN:9,movement
FN:35,game
FNF:2
FNH:2
FNDA:2,movement
FNDA:2,game
DA:9,2
DA:35,2
LF:2
LH:2
BRDA:14,1,0,0
BRDA:14,1,1,2
BRDA:14,2,0,2
BRDA:14,2,1,2
BRDA:16,3,0,0
BRDA:16,3,1,0
BRDA:16,3,2,0
BRDA:16,3,3,2
BRDA:39,4,0,0
BRDA:39,4,1,2
BRDA:39,5,0,2
BRDA:39,5,1,2
BRDA:41,6,0,0
BRDA:41,6,1,0
BRDA:41,6,2,0
BRDA:41,6,3,0
BRDA:41,6,4,2
BRF:17
BRH:8
end_of_record
TN:
SF:/Users/viko/poubelle/testRedP/src/client/reducers/listPieces.js
FNF:0
FNH:0
LF:0
LH:0
BRF:0
BRH:0
end_of_record
TN:
SF:/Users/viko/poubelle/testRedP/src/server/index.js
FN:7,initApp
FN:9,handler
FN:11,(anonymous_4)
FN:24,(anonymous_5)
FN:30,initEngine
FN:31,(anonymous_7)
FN:33,(anonymous_8)
FN:41,create
FN:42,(anonymous_10)
FN:44,(anonymous_11)
FN:46,stop
FN:48,(anonymous_13)
FNF:12
FNH:0
FNDA:0,initApp
FNDA:0,handler
FNDA:0,(anonymous_4)
FNDA:0,(anonymous_5)
FNDA:0,initEngine
FNDA:0,(anonymous_7)
FNDA:0,(anonymous_8)
FNDA:0,create
FNDA:0,(anonymous_10)
FNDA:0,(anonymous_11)
FNDA:0,stop
FNDA:0,(anonymous_13)
DA:12,0
DA:34,0
DA:41,2
LF:3
LH:1
BRDA:10,1,0,0
BRDA:10,1,1,0
BRDA:12,2,0,0
BRDA:12,2,1,0
BRDA:34,3,0,0
BRDA:34,3,1,0
BRF:6
BRH:0
end_of_record
TN:
SF:/Users/viko/poubelle/testRedP/src/server/main.js
FNF:0
FNH:0
LF:0
LH:0
BRF:0
BRH:0
end_of_record
